<?xml version="1.0" encoding="UTF-8"?>
<testng-results ignored="0" total="3" passed="3" failed="0" skipped="0">
  <reporter-output>
  </reporter-output>
  <suite started-at="2022-10-29T05:07:27 PDT" name="Default suite" finished-at="2022-10-29T05:08:03 PDT" duration-ms="35775">
    <groups>
    </groups>
    <test started-at="2022-10-29T05:07:27 PDT" name="Default test" finished-at="2022-10-29T05:08:03 PDT" duration-ms="35775">
      <class name="maplogk.admin.test.StudentLogin_TestCase">
        <test-method is-config="true" signature="launchBrowser()[pri:0, instance:maplogk.admin.test.StudentLogin_TestCase@273e7444]" started-at="2022-10-29T05:07:24 PDT" name="launchBrowser" finished-at="2022-10-29T05:07:27 PDT" duration-ms="2689" status="PASS">
          <reporter-output>
          </reporter-output>
        </test-method> <!-- launchBrowser -->
        <test-method signature="StudentPageFirst()[pri:0, instance:maplogk.admin.test.StudentLogin_TestCase@273e7444]" started-at="2022-10-29T05:07:27 PDT" name="StudentPageFirst" finished-at="2022-10-29T05:07:43 PDT" duration-ms="16245" status="PASS">
          <reporter-output>
          </reporter-output>
        </test-method> <!-- StudentPageFirst -->
        <test-method signature="AdminPage()[pri:1, instance:maplogk.admin.test.StudentLogin_TestCase@273e7444]" started-at="2022-10-29T05:07:43 PDT" name="AdminPage" finished-at="2022-10-29T05:07:57 PDT" duration-ms="13643" status="PASS">
          <reporter-output>
          </reporter-output>
        </test-method> <!-- AdminPage -->
        <test-method signature="StudentPageSecond()[pri:2, instance:maplogk.admin.test.StudentLogin_TestCase@273e7444]" started-at="2022-10-29T05:07:57 PDT" name="StudentPageSecond" finished-at="2022-10-29T05:08:03 PDT" duration-ms="5855" status="PASS">
          <reporter-output>
          </reporter-output>
        </test-method> <!-- StudentPageSecond -->
        <test-method is-config="true" signature="teardwon()[pri:0, instance:maplogk.admin.test.StudentLogin_TestCase@273e7444]" started-at="2022-10-29T05:08:03 PDT" name="teardwon" finished-at="2022-10-29T05:08:03 PDT" duration-ms="895" status="PASS">
          <reporter-output>
          </reporter-output>
        </test-method> <!-- teardwon -->
      </class> <!-- maplogk.admin.test.StudentLogin_TestCase -->
    </test> <!-- Default test -->
  </suite> <!-- Default suite -->
</testng-results>
