<?xml version="1.0" encoding="UTF-8"?>
<!-- Generated by org.testng.reporters.JUnitXMLReporter -->
<testsuite ignored="0" hostname="DESKTOP-K5JN5AK" failures="0" tests="3" name="Default test" time="35.775" errors="0" timestamp="2022-10-29T05:08:03 PDT">
  <testcase classname="maplogk.admin.test.StudentLogin_TestCase" name="StudentPageFirst" time="16.245"/>
  <testcase classname="maplogk.admin.test.StudentLogin_TestCase" name="AdminPage" time="13.643"/>
  <testcase classname="maplogk.admin.test.StudentLogin_TestCase" name="StudentPageSecond" time="5.855"/>
</testsuite> <!-- Default test -->
