<?xml version="1.0" encoding="UTF-8"?>
<!-- Generated by org.testng.reporters.JUnitXMLReporter -->
<testsuite ignored="0" hostname="DESKTOP-K5JN5AK" failures="0" tests="3" name="parameter test" time="39.056" errors="0" timestamp="2022-10-29T05:00:10 PDT">
  <testcase classname="maplogk.admin.test.StudentLogin_TestCase" name="StudentPageFirst" time="16.754"/>
  <testcase classname="maplogk.admin.test.StudentLogin_TestCase" name="AdminPage" time="16.364"/>
  <testcase classname="maplogk.admin.test.StudentLogin_TestCase" name="StudentPageSecond" time="5.901"/>
</testsuite> <!-- parameter test -->
